{
library : {
name   : "AsterBehaviour";
type   : SHARED_LIBRARY;
prefix : "lib";
suffix : "so";
install_path : "";
sources : {
"asterCrystalPlasticityDislocationUpdate.cxx",
"CrystalPlasticityDislocationUpdate.cxx"
};
cppflags : {
"$(shell tfel-config-3.4.0 --cppflags --compiler-flags)",
"-DASTER_ARCH=64"
};
include_directories : {
"$(shell tfel-config-3.4.0 --include-path)"
};
link_directories : {
"$(shell tfel-config-3.4.0 --library-path)"
};
link_libraries : {
"AsterInterface-3.4.0",
"$(shell tfel-config-3.4.0 --library-dependency --material --mfront-profiling --physical-constants)"
};
epts : {
"astercrystalplasticitydislocationupdate"
};
};
headers : {
"MFront/Aster/asterCrystalPlasticityDislocationUpdate.hxx",
"TFEL/Material/CrystalPlasticityDislocationUpdate.hxx",
"TFEL/Material/CrystalPlasticityDislocationUpdateBehaviourData.hxx",
"TFEL/Material/CrystalPlasticityDislocationUpdateIntegrationData.hxx"
};
};
